app/build/outputs/logs/manifest-merger-debug-report.txt
-- Merging decision tree log ---
manifest
ADDED from src/main/AndroidManifest.xml:2:1-86:12
INJECTED from src/main/AndroidManifest.xml:2:1-86:12
INJECTED from src/main/AndroidManifest.xml:2:1-86:12
INJECTED from src/main/AndroidManifest.xml:2:1-86:12
MERGED from [com.android.support:multidex:1.0.2] AndroidManifest.xml:17:1-22:12
INJECTED from src/main/AndroidManifest.xml:2:1-86:12
INJECTED from src/main/AndroidManifest.xml:2:1-86:12
INJECTED from src/main/AndroidManifest.xml:2:1-86:12
	package
		ADDED from src/main/AndroidManifest.xml:3:11-42
		INJECTED from src/main/AndroidManifest.xml
		INJECTED from src/main/AndroidManifest.xml
	android:versionName
		ADDED from src/main/AndroidManifest.xml:5:11-36
		INJECTED from src/main/AndroidManifest.xml
		INJECTED from src/main/AndroidManifest.xml
	xmlns:android
		ADDED from src/main/AndroidManifest.xml:2:11-69
	android:versionCode
		ADDED from src/main/AndroidManifest.xml:4:11-34
		INJECTED from src/main/AndroidManifest.xml
		INJECTED from src/main/AndroidManifest.xml
uses-sdk
ADDED from src/main/AndroidManifest.xml:7:5-9:45
INJECTED from src/main/AndroidManifest.xml:7:5-9:45
INJECTED from src/main/AndroidManifest.xml:7:5-9:45
MERGED from [com.android.support:multidex:1.0.2] AndroidManifest.xml:20:5-43
MERGED from [com.android.support:multidex:1.0.2] AndroidManifest.xml:20:5-43
INJECTED from src/main/AndroidManifest.xml:7:5-9:45
INJECTED from src/main/AndroidManifest.xml:7:5-9:45
	android:targetSdkVersion
		ADDED from src/main/AndroidManifest.xml:9:13-42
		INJECTED from src/main/AndroidManifest.xml
		INJECTED from src/main/AndroidManifest.xml
	android:minSdkVersion
		ADDED from src/main/AndroidManifest.xml:8:13-39
		INJECTED from src/main/AndroidManifest.xml
		INJECTED from src/main/AndroidManifest.xml
uses-permission#android.permission.INTERNET
ADDED from src/main/AndroidManifest.xml:10:5-67
	android:name
		ADDED from src/main/AndroidManifest.xml:10:22-64
uses-permission#android.permission.ACCESS_NETWORK_STATE
ADDED from src/main/AndroidManifest.xml:11:5-79
	android:name
		ADDED from src/main/AndroidManifest.xml:11:22-76
application
ADDED from src/main/AndroidManifest.xml:13:5-84:19
	android:label
		ADDED from src/main/AndroidManifest.xml:16:13-45
	android:icon
		ADDED from src/main/AndroidManifest.xml:15:13-51
	android:allowBackup
		ADDED from src/main/AndroidManifest.xml:14:13-39
	android:theme
		ADDED from src/main/AndroidManifest.xml:17:13-44
activity#com.dlohaiti.dlokiosk.MainActivity
ADDED from src/main/AndroidManifest.xml:18:9-27:20
	android:screenOrientation
		ADDED from src/main/AndroidManifest.xml:19:17-54
	android:label
		ADDED from src/main/AndroidManifest.xml:21:17-49
	android:name
		ADDED from src/main/AndroidManifest.xml:20:17-66
intent-filter#android.intent.action.MAIN+android.intent.category.LAUNCHER
ADDED from src/main/AndroidManifest.xml:22:13-26:29
action#android.intent.action.MAIN
ADDED from src/main/AndroidManifest.xml:23:17-69
	android:name
		ADDED from src/main/AndroidManifest.xml:23:25-66
category#android.intent.category.LAUNCHER
ADDED from src/main/AndroidManifest.xml:25:17-77
	android:name
		ADDED from src/main/AndroidManifest.xml:25:27-74
activity#com.dlohaiti.dlokiosk.EnterSaleActivity
ADDED from src/main/AndroidManifest.xml:28:9-35:20
	android:screenOrientation
		ADDED from src/main/AndroidManifest.xml:29:17-54
	android:label
		ADDED from src/main/AndroidManifest.xml:31:17-66
	android:name
		ADDED from src/main/AndroidManifest.xml:30:17-71
meta-data#android.support.PARENT_ACTIVITY
ADDED from src/main/AndroidManifest.xml:32:13-34:74
	android:value
		ADDED from src/main/AndroidManifest.xml:34:21-71
	android:name
		ADDED from src/main/AndroidManifest.xml:33:21-67
activity#com.dlohaiti.dlokiosk.ConfigurationActivity
ADDED from src/main/AndroidManifest.xml:36:9-43:20
	android:screenOrientation
		ADDED from src/main/AndroidManifest.xml:37:17-54
	android:label
		ADDED from src/main/AndroidManifest.xml:39:17-69
	android:name
		ADDED from src/main/AndroidManifest.xml:38:17-75
activity#com.dlohaiti.dlokiosk.DeliveryActivity
ADDED from src/main/AndroidManifest.xml:44:9-51:20
	android:screenOrientation
		ADDED from src/main/AndroidManifest.xml:45:17-54
	android:label
		ADDED from src/main/AndroidManifest.xml:47:17-73
	android:name
		ADDED from src/main/AndroidManifest.xml:46:17-49
activity#com.dlohaiti.dlokiosk.EnterPromotionActivity
ADDED from src/main/AndroidManifest.xml:52:9-59:20
	android:screenOrientation
		ADDED from src/main/AndroidManifest.xml:53:17-54
	android:label
		ADDED from src/main/AndroidManifest.xml:55:17-71
	android:name
		ADDED from src/main/AndroidManifest.xml:54:17-55
activity#com.dlohaiti.dlokiosk.SelectSamplingSiteActivity
ADDED from src/main/AndroidManifest.xml:60:9-67:20
	android:screenOrientation
		ADDED from src/main/AndroidManifest.xml:61:17-54
	android:label
		ADDED from src/main/AndroidManifest.xml:63:17-76
	android:name
		ADDED from src/main/AndroidManifest.xml:62:17-59
activity#com.dlohaiti.dlokiosk.ViewReportsActivity
ADDED from src/main/AndroidManifest.xml:68:9-75:20
	android:screenOrientation
		ADDED from src/main/AndroidManifest.xml:69:17-54
	android:label
		ADDED from src/main/AndroidManifest.xml:71:17-68
	android:name
		ADDED from src/main/AndroidManifest.xml:70:17-52
activity#com.dlohaiti.dlokiosk.NewEnterReadingActivity
ADDED from src/main/AndroidManifest.xml:76:9-83:20
	android:screenOrientation
		ADDED from src/main/AndroidManifest.xml:77:17-54
	android:label
		ADDED from src/main/AndroidManifest.xml:79:17-69
	android:name
		ADDED from src/main/AndroidManifest.xml:78:17-56